0 info it worked if it ends with ok
1 verbose cli [ '/usr/local/Cellar/node/5.6.0/bin/node',
1 verbose cli   '/usr/local/bin/npm',
1 verbose cli   'publish',
1 verbose cli   '.' ]
2 info using npm@3.6.0
3 info using node@v5.6.0
4 verbose publish [ '.' ]
5 silly cache add args [ '.', null ]
6 verbose cache add spec .
7 silly cache add parsed spec Result {
7 silly cache add   raw: '.',
7 silly cache add   scope: null,
7 silly cache add   name: null,
7 silly cache add   rawSpec: '.',
7 silly cache add   spec: '/Users/nickcollier/n/crx-repo',
7 silly cache add   type: 'directory' }
8 verbose addLocalDirectory /Users/nickcollier/.npm/crx-repo/0.0.1/package.tgz not in flight; packing
9 verbose correctMkdir /Users/nickcollier/.npm correctMkdir not in flight; initializing
10 info lifecycle crx-repo@0.0.1~prepublish: crx-repo@0.0.1
11 silly lifecycle crx-repo@0.0.1~prepublish: no script for prepublish, continuing
12 verbose tar pack [ '/Users/nickcollier/.npm/crx-repo/0.0.1/package.tgz',
12 verbose tar pack   '/Users/nickcollier/n/crx-repo' ]
13 verbose tarball /Users/nickcollier/.npm/crx-repo/0.0.1/package.tgz
14 verbose folder /Users/nickcollier/n/crx-repo
15 verbose addLocalTarball adding from inside cache /Users/nickcollier/.npm/crx-repo/0.0.1/package.tgz
16 verbose correctMkdir /Users/nickcollier/.npm correctMkdir not in flight; initializing
17 silly cache afterAdd crx-repo@0.0.1
18 verbose afterAdd /Users/nickcollier/.npm/crx-repo/0.0.1/package/package.json not in flight; writing
19 verbose correctMkdir /Users/nickcollier/.npm correctMkdir not in flight; initializing
20 verbose afterAdd /Users/nickcollier/.npm/crx-repo/0.0.1/package/package.json written
21 silly publish { name: 'crx-repo',
21 silly publish   version: '0.0.1',
21 silly publish   description: 'Private Repository for Chrome Extensions',
21 silly publish   author:
21 silly publish    { name: 'Nick Collier',
21 silly publish      email: 'nicholas.james.collier@gmail.com' },
21 silly publish   repository:
21 silly publish    { type: 'git',
21 silly publish      url: 'git+https://github.com/eniseek/crx-repo.git' },
21 silly publish   license: 'MIT',
21 silly publish   bin: { 'crx-repo': 'bin/crx-repo' },
21 silly publish   dependencies:
21 silly publish    { async: '~1.5.2',
21 silly publish      crx: '^3.0.3',
21 silly publish      express: '~4.13.4',
21 silly publish      multer: '~1.1.0',
21 silly publish      'node-rsa': '~0.3.2',
21 silly publish      path: '~0.12.7',
21 silly publish      rimraf: '~2.5.1',
21 silly publish      semver: '~5.1.0',
21 silly publish      'serve-index': '~1.7.3',
21 silly publish      streamifier: '~0.1.1',
21 silly publish      temp: '~0.8.3',
21 silly publish      unzip: '~0.1.11',
21 silly publish      xmlbuilder: '~4.2.1',
21 silly publish      yargs: '^4.2.0' },
21 silly publish   readme: '# crx-repo\n',
21 silly publish   readmeFilename: 'README.md',
21 silly publish   gitHead: 'df167d36e58bd8c7e427ec369a4571776a8bb8c7',
21 silly publish   bugs: { url: 'https://github.com/eniseek/crx-repo/issues' },
21 silly publish   homepage: 'https://github.com/eniseek/crx-repo#readme',
21 silly publish   _id: 'crx-repo@0.0.1',
21 silly publish   scripts: {},
21 silly publish   _shasum: 'da8885fee1379b3992640a08a6616876ffa790e0',
21 silly publish   _from: '.' }
22 verbose getPublishConfig undefined
23 silly mapToRegistry name crx-repo
24 silly mapToRegistry using default registry
25 silly mapToRegistry registry https://registry.npmjs.org/
26 silly mapToRegistry uri https://registry.npmjs.org/crx-repo
27 verbose publish registryBase https://registry.npmjs.org/
28 silly publish uploading /Users/nickcollier/.npm/crx-repo/0.0.1/package.tgz
29 verbose request uri https://registry.npmjs.org/crx-repo
30 verbose request sending authorization for write operation
31 info attempt registry request try #1 at 6:13:18 PM
32 verbose request using bearer token for auth
33 verbose request id f2522a853745ebe0
34 http request PUT https://registry.npmjs.org/crx-repo
35 http 403 https://registry.npmjs.org/crx-repo
36 verbose headers { 'content-type': 'application/json',
36 verbose headers   'cache-control': 'max-age=300',
36 verbose headers   'content-length': '95',
36 verbose headers   'accept-ranges': 'bytes',
36 verbose headers   date: 'Tue, 01 Mar 2016 18:13:19 GMT',
36 verbose headers   via: '1.1 varnish',
36 verbose headers   connection: 'close',
36 verbose headers   'x-served-by': 'cache-lax1424-LAX',
36 verbose headers   'x-cache': 'MISS',
36 verbose headers   'x-cache-hits': '0',
36 verbose headers   'x-timer': 'S1456855999.014269,VS0,VE203' }
37 verbose request invalidating /Users/nickcollier/.npm/registry.npmjs.org/crx-repo on PUT
38 error publish Failed PUT 403
39 verbose stack Error: "You cannot publish over the previously published version 0.0.1." : crx-repo
39 verbose stack     at makeError (/usr/local/lib/node_modules/npm/node_modules/npm-registry-client/lib/request.js:264:12)
39 verbose stack     at CachingRegistryClient.<anonymous> (/usr/local/lib/node_modules/npm/node_modules/npm-registry-client/lib/request.js:252:14)
39 verbose stack     at Request._callback (/usr/local/lib/node_modules/npm/node_modules/npm-registry-client/lib/request.js:172:14)
39 verbose stack     at Request.self.callback (/usr/local/lib/node_modules/npm/node_modules/request/request.js:198:22)
39 verbose stack     at emitTwo (events.js:100:13)
39 verbose stack     at Request.emit (events.js:185:7)
39 verbose stack     at Request.<anonymous> (/usr/local/lib/node_modules/npm/node_modules/request/request.js:1035:10)
39 verbose stack     at emitOne (events.js:95:20)
39 verbose stack     at Request.emit (events.js:182:7)
39 verbose stack     at IncomingMessage.<anonymous> (/usr/local/lib/node_modules/npm/node_modules/request/request.js:962:12)
40 verbose statusCode 403
41 verbose pkgid crx-repo
42 verbose cwd /Users/nickcollier/n/crx-repo
43 error Darwin 15.3.0
44 error argv "/usr/local/Cellar/node/5.6.0/bin/node" "/usr/local/bin/npm" "publish" "."
45 error node v5.6.0
46 error npm  v3.6.0
47 error code E403
48 error "You cannot publish over the previously published version 0.0.1." : crx-repo
49 error If you need help, you may report this error at:
49 error     <https://github.com/npm/npm/issues>
50 verbose exit [ 1, true ]
